{"message":"kafka-message : {\"challengeId\":1001,\"userId\":10001,\"submissionType\":\"sub\",\"isFileSubmission\":\"false\",\"fileType\":\"text/plain\",\"filename\":\"foo.jpg\",\"fileURL\":\"http://unicorn.com/foo.jpg\",\"legacySubmissionId\":1001}","level":"info"}
{"message":"kafka-message : {\"challengeId\":1001,\"userId\":10001,\"submissionType\":\"sub\",\"isFileSubmission\":\"false\",\"fileType\":\"text/plain\",\"filename\":\"foo.jpg\",\"fileURL\":\"http://unicorn.com/foo.jpg\",\"legacySubmissionId\":1001}","level":"info"}
{"message":"Wrong format of kafka-message received - will not process.","level":"error"}
{"message":"kafka-message : {\"challengeId\":1001,\"userId\":10001,\"submissionType\":\"sub\",\"isFileSubmission\":\"false\",\"fileType\":\"text/plain\",\"filename\":\"foo.jpg\",\"fileURL\":\"http://unicorn.com/foo.jpg\",\"legacySubmissionId\":1001}","level":"info"}
{"message":"Wrong format of kafka-message received - will not process. Error: ValidationError: child \"legacySubmissionId\" fails because [\"legacySubmissionId\" must be a string]","level":"error"}
{"message":"kafka-message : {\"challengeId\":1001,\"userId\":10001,\"submissionType\":\"sub\",\"isFileSubmission\":\"false\",\"fileType\":\"text/plain\",\"filename\":\"foo.jpg\",\"fileURL\":\"http://unicorn.com/foo.jpg\",\"legacySubmissionId\":1001}","level":"info"}
{"message":"File not found in DMZ Storage Area - downloading from remote and uploading to DMZ Storage Area...","level":"info"}
{"message":"File successfully uploaded to DMZ Storage Area...","level":"info"}
{"message":"File is clean - Moving to Clean Submission bucket.","level":"info"}
{"message":"Sending reviewRequest - {\"score\":100,\"reviewerId\":\"ebed4540-7acd-11e8-b833-1b8d93ce51c0\",\"submissionId\":1001,\"scorecardId\":\"ebed4541-7acd-11e8-b833-1b8d93ce51c0\",\"typeId\":\"ebed4542-7acd-11e8-b833-1b8d93ce51c0\"}","level":"info"}
{"message":"Successfully posted to Submission Endpoint","level":"info"}
{"message":"kafka-message : {\"challengeId\":1001,\"submissionType\":\"sub\",\"isFileSubmission\":\"false\",\"fileType\":\"text/plain\",\"filename\":\"foo.jpg\",\"fileURL\":\"http://unicorn.com/foo.jpg\",\"legacySubmissionId\":1001}","level":"info"}
{"message":"Wrong format of kafka-message received - will not process. Error: ValidationError: child \"userId\" fails because [\"userId\" is required]","level":"error"}
{"message":"kafka-message : {\"challengeId\":1001,\"submissionType\":\"sub\",\"isFileSubmission\":false,\"fileType\":\"text/plain\",\"filename\":\"foo.jpg\",\"fileURL\":\"http://unicorn.com/foo.jpg\",\"legacySubmissionId\":1001}","level":"info"}
{"message":"Wrong format of kafka-message received - will not process. Error: ValidationError: child \"userId\" fails because [\"userId\" is required]","level":"error"}
{"message":"kafka-message : {\"challengeId\":1001,\"submissionType\":\"sub\",\"isFileSubmission\":false,\"fileType\":\"text/plain\",\"filename\":\"foo.jpg\",\"fileURL\":\"http://unicorn.com/foo.jpg\",\"legacySubmissionId\":1001,\"userId\":10001}","level":"info"}
{"message":"File not found in DMZ Storage Area - downloading from remote and uploading to DMZ Storage Area...","level":"info"}
{"message":"File successfully uploaded to DMZ Storage Area...","level":"info"}
{"message":"File has vulnerability - Moving to Quarantine bucket.","level":"info"}
{"message":"Sending reviewRequest - {\"score\":0,\"reviewerId\":\"1dab5720-7ace-11e8-b833-1b8d93ce51c0\",\"submissionId\":1001,\"scorecardId\":\"1dab5721-7ace-11e8-b833-1b8d93ce51c0\",\"typeId\":\"1dab5722-7ace-11e8-b833-1b8d93ce51c0\"}","level":"info"}
{"message":"Successfully posted to Submission Endpoint","level":"info"}
{"message":"Invalid incoming message : SyntaxError: Unexpected token e in JSON at position 1","level":"info"}
{"message":"kafka-message : test","level":"info"}
{"message":"Invalid incoming message : SyntaxError: Unexpected token e in JSON at position 1","level":"info"}
{"message":"kafka-message : {\"challengeId\": 1001,\"submissionType\": \"sub\",\"isFileSubmission\": false,\"fileType\": \"text/plain\",\"filename\": \"foo.jpg\",\"fileURL\": \"http://unicorn.com/foo.jpg\",\"legacySubmissionId\": 1001}","level":"info"}
{"message":"Wrong format of kafka-message received - will not process. Error: ValidationError: child \"userId\" fails because [\"userId\" is required]","level":"error"}
